[debug] [2022-04-21T12:14:13.844Z] ----------------------------------------------------------------------
[debug] [2022-04-21T12:14:13.847Z] Command:       C:\Program Files\nodejs\node.exe C:\Users\Naveen\AppData\Roaming\npm\node_modules\firebase-tools\lib\bin\firebase.js init
[debug] [2022-04-21T12:14:13.847Z] CLI Version:   10.7.0
[debug] [2022-04-21T12:14:13.848Z] Platform:      win32
[debug] [2022-04-21T12:14:13.848Z] Node Version:  v14.17.3
[debug] [2022-04-21T12:14:13.849Z] Time:          Thu Apr 21 2022 17:44:13 GMT+0530 (India Standard Time)
[debug] [2022-04-21T12:14:13.849Z] ----------------------------------------------------------------------
[debug] 
[debug] [2022-04-21T12:14:13.857Z] > command requires scopes: ["email","openid","https://www.googleapis.com/auth/cloudplatformprojects.readonly","https://www.googleapis.com/auth/firebase","https://www.googleapis.com/auth/cloud-platform"]
[debug] [2022-04-21T12:14:13.858Z] > authorizing via signed-in user (0066.navi@gmail.com)
[info] 
     ######## #### ########  ######## ########     ###     ######  ########
     ##        ##  ##     ## ##       ##     ##  ##   ##  ##       ##
     ######    ##  ########  ######   ########  #########  ######  ######
     ##        ##  ##    ##  ##       ##     ## ##     ##       ## ##
     ##       #### ##     ## ######## ########  ##     ##  ######  ########

You're about to initialize a Firebase project in this directory:

  C:\Users\Naveen\Desktop\Southall Athletic

[info] 
=== Project Setup
[info] 
[info] First, let's associate this project directory with a Firebase project.
[info] You can create multiple project aliases by running firebase use --add, 
[info] but for now we'll just set up a default project.
[info] 
[debug] [2022-04-21T12:14:38.830Z] >>> [apiv2][query] GET https://firebase.googleapis.com/v1beta1/projects pageSize=100
[debug] [2022-04-21T12:14:39.632Z] <<< [apiv2][status] GET https://firebase.googleapis.com/v1beta1/projects 200
[debug] [2022-04-21T12:14:39.633Z] <<< [apiv2][body] GET https://firebase.googleapis.com/v1beta1/projects [omitted]
[info] i  Using project southall-athletic (southall-athletic) 
[info] 
=== Hosting Setup
[info] 
[info] Your public directory is the folder (relative to your project directory) that
[info] will contain Hosting assets to be uploaded with firebase deploy. If you
[info] have a build process for your assets, use your build's output directory.
[info] 
